C51 COMPILER V9.54   MAIN                                                                  03/04/2017 15:02:39 PAGE 1   


C51 COMPILER V9.54, COMPILATION OF MODULE MAIN
OBJECT MODULE PLACED IN main.OBJ
COMPILER INVOKED BY: D:\Keil_v5\C51\BIN\C51.EXE main.c OPTIMIZE(8,SPEED) BROWSE

line level    source

   1          #include <reg52.h>
   2          #include <stdio.h>
   3          #include <string.h>
   4          #include "bsp_sd.h"
   5          #include "bsp_rc522.h"
   6          #include "main.h"
   7          
   8          #define ADDR_SD (512)
   9          
  10          #define updateID() SdWriteBlock(ADDR_SD,DATA,512) 
  11          #define reloadID() SdReadBlock(DATA,ADDR_SD,512)
  12          
  13          ////SD ?    512??2???????                       512*4=1024 ???????              
  14          
  15          ///**
  16          //???????:
  17          //      ???1?
  18          //      ???????1?
  19          //      ?????2?,????2?
  20          //      ?????3?,????3?
  21          //      ??k35s ??????,??????,??????4?
  22          
  23          //*/
  24          unsigned char g_ucTempbuf[4];                                                           //???????
  25          unsigned char flag = 0;
  26          unsigned char num = 0;
  27          void FM10ms(unsigned char i){
  28   1              while(i>0){
  29   2              FM = 0;
  30   2              delay_10ms(8);
  31   2              FM = 1;
  32   2              delay_10ms(8);
  33   2              i--;
  34   2              }
  35   1      
  36   1      }
  37          void Timer0Init(void)           //???0???;
  38          {
  39   1              TMOD|=0x01;
  40   1              TH0 = (65536-50000)/256;
  41   1              TL0 = (65536-50000)%256;
  42   1              EA = 1;
  43   1              ET0 = 1;
  44   1              TR0 = 0;
  45   1      }
  46          bit checkExist(unsigned char* id){
  47   1              int i=0,j=0;
  48   1              for(i=0;i<512;i+=4){
  49   2                      if (strncmp(id,DATA+i,4) == 0)
  50   2                              return 1;
  51   2              }
  52   1              return 0;
  53   1      }
  54          bit deletAllUser(){
  55   1              int i;
C51 COMPILER V9.54   MAIN                                                                  03/04/2017 15:02:39 PAGE 2   

  56   1              for(i=0;i<512;i++){
  57   2                      DATA[i] = 0;
  58   2              }
  59   1          updateID();
  60   1          delay_10ms(100);
  61   1          reloadID();
  62   1              return 1;
  63   1      }
  64          
  65          void addUser(unsigned char* admin){
  66   1               unsigned char status,zro[]={0,0,0,0};
  67   1               unsigned int i,j,flag = 0;
  68   1               for(i=0;i<4;i++)
  69   1                              g_ucTempbuf[i]=0;
  70   1               while(1){
  71   2              status = PcdRequest(PICC_REQALL, g_ucTempbuf);
  72   2              if (status != MI_OK)
  73   2              {
  74   3                  continue;
  75   3              }
  76   2              status = PcdAnticoll(g_ucTempbuf);
  77   2              if (status != MI_OK)
  78   2              {
  79   3                  continue;
  80   3              }
  81   2              FM10ms(1);
  82   2              for(i=0;i<4;i++){
  83   3                  SBUF=g_ucTempbuf[i];
  84   3                  while(!TI);
  85   3                  TI=0;
  86   3                  delay_10ms(1);
  87   3              }
  88   2                  
  89   2              if(strncmp(admin,g_ucTempbuf,4)==0)
  90   2                  break;
  91   2      
  92   2              flag = 0;
  93   2              for(i=0;i<512;i+=4){
  94   3                  if(strncmp(DATA+i,g_ucTempbuf,4)==0){                               //????????  ????1?,???????;
  95   4                      FM10ms(1);
  96   4                      flag = 1;
  97   4                      break;
  98   4                  }
  99   3              }
 100   2              if(flag == 1)
 101   2                  continue;
 102   2              
 103   2              for(i=0;i<512;i+=4){
 104   3                  if(strncmp(DATA+i,zro,4)==0){
 105   4                      for(j=0;j<4;j++){
 106   5                          DATA[i+j] = g_ucTempbuf[j];
 107   5                      }
 108   4                      break;
 109   4                  }
 110   3              }
 111   2              delay_10ms(20);
 112   2          }
 113   1          updateID();
 114   1          delay_10ms(100);
 115   1          reloadID();
 116   1      }
 117          void deletUser(unsigned char *admin){
C51 COMPILER V9.54   MAIN                                                                  03/04/2017 15:02:39 PAGE 3   

 118   1               unsigned char status;
 119   1               unsigned int i,j;
 120   1               for(i=0;i<4;i++)
 121   1              g_ucTempbuf[i]=0;
 122   1               while(1){
 123   2               status = PcdRequest(PICC_REQALL, g_ucTempbuf);
 124   2               if (status != MI_OK)
 125   2               {
 126   3                  continue;
 127   3               }
 128   2               status = PcdAnticoll(g_ucTempbuf);
 129   2               if (status != MI_OK)
 130   2               {
 131   3                  continue;    
 132   3               }
 133   2               FM10ms(1);/*
 134   2               for(i=0;i<4;i++){
 135   2                      SBUF=g_ucTempbuf[i];
 136   2                      while(!TI);
 137   2                      TI=0;
 138   2                      delay_10ms(1);
 139   2                  }*/
 140   2                  delay_10ms(20);
 141   2                  if(strncmp(admin,g_ucTempbuf,4)==0)
 142   2                      break;
 143   2                  for(i=0;i<512;i+=4){                                                                                        //????,??????????id????
 144   3                      if(strncmp(DATA+i,g_ucTempbuf,4)==0){
 145   4                          for(j=0;j<4;j++){
 146   5                              DATA[i+j] = 0;
 147   5                          }
 148   4                      }
 149   3                  }
 150   2              }
 151   1              updateID();
 152   1              delay_10ms(100);
 153   1              reloadID();
 154   1      }
 155          
 156          void main()
 157          {   
 158   1          unsigned char status;
 159   1          unsigned char admin[8] = {0x32, 0xDB, 0x96, 0x75};                                                                  //???????
 160   1          unsigned char old_id[4]={0,0,0,0};
 161   1          unsigned int i;
 162   1          OPENDOOR = 1;
 163   1          
 164   1          initbaud();
 165   1          Timer0Init();
 166   1          SdInit();
 167   1          PcdReset();
 168   1          PcdAntennaOff(); 
 169   1          delay_10ms(1);
 170   1          PcdAntennaOn();  
 171   1          M500PcdConfigISOType( 'A' );
 172   1          
 173   1          //deletAllUser();
 174   1          /////////////////////////////////////////////////////////////////////////
 175   1          for(i=0;i<512;i++){
 176   2              DATA[i] = 0;
 177   2          }
 178   1          reloadID();                                                                                                 //????????? ???  512
 179   1          delay_10ms(10);
C51 COMPILER V9.54   MAIN                                                                  03/04/2017 15:02:39 PAGE 4   

 180   1      
 181   1          for(i=0;i<512;i++){
 182   2              SBUF=DATA[i];
 183   2              while(!TI);
 184   2              TI=0;
 185   2              delay_10ms(1);
 186   2          }
 187   1      
 188   1          FM10ms(5);                                                                                                          //???????  ????5?
 189   1          //////////////////////////////////////////////////////////////////
 190   1      
 191   1          while ( 1 )
 192   1          { 
 193   2      
 194   2              status = PcdRequest(PICC_REQALL, g_ucTempbuf);  //??
 195   2              if (status != MI_OK)
 196   2              {
 197   3                  continue;
 198   3              }
 199   2              status = PcdAnticoll(g_ucTempbuf);                                                      //???,????
 200   2              if (status != MI_OK)
 201   2              {
 202   3                  continue;
 203   3              }
 204   2              if(strncmp(old_id,g_ucTempbuf,4)==0&&flag==1){                          //5s??????????
 205   3                  continue;
 206   3              }
 207   2              else{
 208   3                  flag = 1;
 209   3                  TR0 = 0;
 210   3                  TR0 = 1;
 211   3              }
 212   2              FM10ms(1);
 213   2      
 214   2              for(i=0;i<4;i++){
 215   3                  SBUF=g_ucTempbuf[i];
 216   3                  while(!TI);
 217   3                  TI=0;
 218   3                  delay_10ms(1);
 219   3              }
 220   2      
 221   2              if(strncmp(admin,g_ucTempbuf,4)==0){                                            //????
 222   3                  OPENDOOR = 0;
 223   3                  delay_10ms(50);
 224   3                  OPENDOOR = 1;
 225   3                  FM10ms(2);
 226   3                  addUser(admin);
 227   3                  FM10ms(2);
 228   3              }
 229   2              // 二号管理员
 230   2              else if(strncmp(admin+4,g_ucTempbuf,4)==0){                                             //????
 231   3                  OPENDOOR = 0;
 232   3                  delay_10ms(50);
 233   3                  OPENDOOR = 1;
 234   3                  FM10ms(2);
 235   3                  addUser(admin+4);
 236   3                  FM10ms(2);
 237   3              }
 238   2              
 239   2      //        else if(strncmp(admin+4,g_ucTempbuf,4)==0){           //????
 240   2      //            if(DELETEALL==0){
 241   2      //                delay_10ms(500);                                                                                              //??K3??????????5S???????
C51 COMPILER V9.54   MAIN                                                                  03/04/2017 15:02:39 PAGE 5   

 242   2      //                if(DELETEALL==0){
 243   2      //                    deletAllUser();
 244   2      //                    FM10ms(4);
 245   2      //                    continue;
 246   2      //                }
 247   2      //            }
 248   2      //            FM10ms(3);
 249   2      //            deletUser(admin+4);
 250   2      //            FM10ms(3);
 251   2      //        }
 252   2              else{                                                                                                                                                                   //????
 253   3                  if(checkExist(g_ucTempbuf)){
 254   4                      OPENDOOR = 0;
 255   4                      delay_10ms(50);
 256   4                      OPENDOOR = 1;
 257   4                  }
 258   3                  else{
 259   4                      FM10ms(1);
 260   4                  }
 261   3                  delay_10ms(100);
 262   3              }
 263   2      
 264   2          PcdHalt();                          //??ic?
 265   2          } /* while */
 266   1                      
 267   1      }
 268          
 269          
 270          void time0() interrupt 1{
 271   1              TH0 = (65536-50000)/256;
 272   1              TL0 = (65536-50000)%256;
 273   1              num++;
 274   1              if(num == 100){
 275   2                      flag = 0;
 276   2                      num = 0;
 277   2                      TR0 = 0;
 278   2              }
 279   1      }
 280          
 281          
 282          
 283          //void main()
 284          //{
 285          //    unsigned int i;
 286          //    unsigned long AddTemp=0;//SD???????????????,???winhex??,???641????,512x641=328192,????SD?????
 287          //    delayms(5);
 288          //    SdInit();         //SD????
 289          //    for(i=0;i<512;i++)
 290          //    {
 291          //        DATA[i] = i;
 292          //    }
 293          //    while(1)
 294          //    {
 295          //        updateID();
 296          //        delayms(1000);
 297          //        for(i=0;i<512;i++)
 298          //        {
 299          //            DATA[i] = 0;
 300          //        }
 301          //        AddTemp=0;
 302          //        reloadID();//????512???????
 303          //        initbaud();
C51 COMPILER V9.54   MAIN                                                                  03/04/2017 15:02:39 PAGE 6   

 304          //        for(i=0;i<512;i++)
 305          //        {
 306          //            SBUF=DATA[i];
 307          //            while(!TI);
 308          //            TI=0;
 309          //            delayms(1);
 310          //        }
 311          //        while(1);                         //??????????
 312          //    }
 313          //}


MODULE INFORMATION:   STATIC OVERLAYABLE
   CODE SIZE        =   1336    ----
   CONSTANT SIZE    =     16    ----
   XDATA SIZE       =   ----    ----
   PDATA SIZE       =   ----    ----
   DATA SIZE        =      6      38
   IDATA SIZE       =   ----    ----
   BIT SIZE         =   ----    ----
END OF MODULE INFORMATION.


C51 COMPILATION COMPLETE.  0 WARNING(S),  0 ERROR(S)
